build/app/intermediates/manifest_merge_blame_file/debug/manifest-merger-blame-debug-report.txt
1<?xml version="1.0" encoding="utf-8"?>
2<manifest xmlns:android="http://schemas.android.com/apk/res/android"
3    package="com.jsk.gifsworld"
4    android:versionCode="1"
5    android:versionName="1.0.0" >
6
7    <uses-sdk
8        android:minSdkVersion="23"
9        android:targetSdkVersion="31" />
10    <!--
11         Flutter needs it to communicate with the running application
12         to allow setting breakpoints, to provide hot reload, etc.
13    -->
14    <uses-permission android:name="android.permission.INTERNET" />
14-->src/main/AndroidManifest.xml:3:5-66
14-->src/main/AndroidManifest.xml:3:22-64
15    <uses-permission android:name="android.permission.WRITE_EXTERNAL_STORAGE" />
15-->src/main/AndroidManifest.xml:4:5-80
15-->src/main/AndroidManifest.xml:4:22-78
16    <uses-permission android:name="android.permission.READ_EXTERNAL_STORAGE" />
16-->src/main/AndroidManifest.xml:5:5-79
16-->src/main/AndroidManifest.xml:5:22-77
17    <uses-permission android:name="android.permission.ACTION_MANAGE_ALL_FILES_ACCESS_PERMISSION" />
17-->src/main/AndroidManifest.xml:6:5-99
17-->src/main/AndroidManifest.xml:6:22-97
18    <uses-permission android:name="android.permission.MANAGE_EXTERNAL_STORAGE" />
18-->src/main/AndroidManifest.xml:7:5-81
18-->src/main/AndroidManifest.xml:7:22-79
19    <uses-permission android:name="android.permission.ACCESS_NETWORK_STATE" />
19-->[:connectivity_plus] AndroidManifest.xml:7:5-79
19-->[:connectivity_plus] AndroidManifest.xml:7:22-76
20    <uses-permission android:name="com.google.android.gms.permission.AD_ID" /> <!-- Android package visibility setting -->
20-->[com.google.android.gms:play-services-ads-lite:21.2.0] AndroidManifest.xml:25:5-79
20-->[com.google.android.gms:play-services-ads-lite:21.2.0] AndroidManifest.xml:25:22-76
21    <queries>
21-->[com.google.android.gms:play-services-ads-lite:21.2.0] AndroidManifest.xml:28:5-44:15
22
23        <!-- For browser content -->
24        <intent>
24-->[com.google.android.gms:play-services-ads-lite:21.2.0] AndroidManifest.xml:31:9-37:18
25            <action android:name="android.intent.action.VIEW" />
25-->[com.google.android.gms:play-services-ads-lite:21.2.0] AndroidManifest.xml:32:13-65
25-->[com.google.android.gms:play-services-ads-lite:21.2.0] AndroidManifest.xml:32:21-62
26
27            <category android:name="android.intent.category.BROWSABLE" />
27-->[com.google.android.gms:play-services-ads-lite:21.2.0] AndroidManifest.xml:34:13-74
27-->[com.google.android.gms:play-services-ads-lite:21.2.0] AndroidManifest.xml:34:23-71
28
29            <data android:scheme="https" />
29-->[com.google.android.gms:play-services-ads-lite:21.2.0] AndroidManifest.xml:36:13-44
29-->[com.google.android.gms:play-services-ads-lite:21.2.0] AndroidManifest.xml:36:19-41
30        </intent>
31        <!-- End of browser content -->
32        <!-- For CustomTabsService -->
33        <intent>
33-->[com.google.android.gms:play-services-ads-lite:21.2.0] AndroidManifest.xml:40:9-42:18
34            <action android:name="android.support.customtabs.action.CustomTabsService" />
34-->[com.google.android.gms:play-services-ads-lite:21.2.0] AndroidManifest.xml:41:13-90
34-->[com.google.android.gms:play-services-ads-lite:21.2.0] AndroidManifest.xml:41:21-87
35        </intent>
36        <!-- End of CustomTabsService -->
37    </queries>
38
39    <uses-permission android:name="android.permission.WAKE_LOCK" />
39-->[com.google.android.gms:play-services-measurement-sdk-api:20.1.2] AndroidManifest.xml:25:5-68
39-->[com.google.android.gms:play-services-measurement-sdk-api:20.1.2] AndroidManifest.xml:25:22-65
40    <uses-permission android:name="android.permission.RECEIVE_BOOT_COMPLETED" />
40-->[androidx.work:work-runtime:2.7.0] AndroidManifest.xml:27:5-81
40-->[androidx.work:work-runtime:2.7.0] AndroidManifest.xml:27:22-78
41    <uses-permission android:name="android.permission.FOREGROUND_SERVICE" />
41-->[androidx.work:work-runtime:2.7.0] AndroidManifest.xml:28:5-77
41-->[androidx.work:work-runtime:2.7.0] AndroidManifest.xml:28:22-74
42
43    <application
44        android:name="android.app.Application"
45        android:appComponentFactory="androidx.core.app.CoreComponentFactory"
45-->[androidx.core:core:1.7.0] AndroidManifest.xml:24:18-86
46        android:debuggable="true"
47        android:extractNativeLibs="false"
48        android:icon="@mipmap/ic_launcher"
49        android:label="GIF&apos;s World" >
50        <activity
51            android:name="com.jsk.gifsworld.MainActivity"
52            android:configChanges="orientation|keyboardHidden|keyboard|screenSize|smallestScreenSize|locale|layoutDirection|fontScale|screenLayout|density|uiMode"
53            android:exported="true"
54            android:hardwareAccelerated="true"
55            android:launchMode="singleTop"
56            android:theme="@style/LaunchTheme"
57            android:windowSoftInputMode="adjustResize" >
58
59            <!--
60                 Specifies an Android theme to apply to this Activity as soon as
61                 the Android process has started. This theme is visible to the user
62                 while the Flutter UI initializes. After that, this theme continues
63                 to determine the Window background behind the Flutter UI.
64            -->
65            <meta-data
66                android:name="io.flutter.embedding.android.NormalTheme"
67                android:resource="@style/NormalTheme" />
68
69            <intent-filter>
70                <action android:name="android.intent.action.MAIN" />
71
72                <category android:name="android.intent.category.LAUNCHER" />
73            </intent-filter>
74        </activity>
75        <!--
76             Don't delete the meta-data below.
77             This is used by the Flutter tool to generate GeneratedPluginRegistrant.java
78        -->
79        <meta-data
80            android:name="flutterEmbedding"
81            android:value="2" />
82        <meta-data
83            android:name="com.google.android.gms.ads.APPLICATION_ID"
84            android:value="ca-app-pub-3940256099942544~3347511713" />
85
86        <activity
86-->[:url_launcher_android] AndroidManifest.xml:8:9-11:74
87            android:name="io.flutter.plugins.urllauncher.WebViewActivity"
87-->[:url_launcher_android] AndroidManifest.xml:9:13-74
88            android:exported="false"
88-->[:url_launcher_android] AndroidManifest.xml:10:13-37
89            android:theme="@android:style/Theme.NoTitleBar.Fullscreen" />
89-->[:url_launcher_android] AndroidManifest.xml:11:13-71
90
91        <meta-data
91-->[:google_mobile_ads] AndroidManifest.xml:10:9-12:36
92            android:name="io.flutter.embedded_views_preview"
92-->[:google_mobile_ads] AndroidManifest.xml:11:13-61
93            android:value="true" />
93-->[:google_mobile_ads] AndroidManifest.xml:12:13-33
94
95        <provider
95-->[:share_plus] AndroidManifest.xml:8:9-16:20
96            android:name="dev.fluttercommunity.plus.share.ShareFileProvider"
96-->[:share_plus] AndroidManifest.xml:9:13-77
97            android:authorities="com.jsk.gifsworld.flutter.share_provider"
97-->[:share_plus] AndroidManifest.xml:10:13-74
98            android:exported="false"
98-->[:share_plus] AndroidManifest.xml:11:13-37
99            android:grantUriPermissions="true" >
99-->[:share_plus] AndroidManifest.xml:12:13-47
100            <meta-data
100-->[:share_plus] AndroidManifest.xml:13:13-15:68
101                android:name="android.support.FILE_PROVIDER_PATHS"
101-->[:share_plus] AndroidManifest.xml:14:17-67
102                android:resource="@xml/flutter_share_file_paths" />
102-->[:share_plus] AndroidManifest.xml:15:17-65
103        </provider>
104
105        <uses-library
105-->[androidx.window:window:1.0.0-beta04] AndroidManifest.xml:25:9-27:40
106            android:name="androidx.window.extensions"
106-->[androidx.window:window:1.0.0-beta04] AndroidManifest.xml:26:13-54
107            android:required="false" />
107-->[androidx.window:window:1.0.0-beta04] AndroidManifest.xml:27:13-37
108        <uses-library
108-->[androidx.window:window:1.0.0-beta04] AndroidManifest.xml:28:9-30:40
109            android:name="androidx.window.sidecar"
109-->[androidx.window:window:1.0.0-beta04] AndroidManifest.xml:29:13-51
110            android:required="false" /> <!-- Include the AdActivity and InAppPurchaseActivity configChanges and themes. -->
110-->[androidx.window:window:1.0.0-beta04] AndroidManifest.xml:30:13-37
111        <activity
111-->[com.google.android.gms:play-services-ads-lite:21.2.0] AndroidManifest.xml:49:9-53:64
112            android:name="com.google.android.gms.ads.AdActivity"
112-->[com.google.android.gms:play-services-ads-lite:21.2.0] AndroidManifest.xml:50:13-65
113            android:configChanges="keyboard|keyboardHidden|orientation|screenLayout|uiMode|screenSize|smallestScreenSize"
113-->[com.google.android.gms:play-services-ads-lite:21.2.0] AndroidManifest.xml:51:13-122
114            android:exported="false"
114-->[com.google.android.gms:play-services-ads-lite:21.2.0] AndroidManifest.xml:52:13-37
115            android:theme="@android:style/Theme.Translucent" />
115-->[com.google.android.gms:play-services-ads-lite:21.2.0] AndroidManifest.xml:53:13-61
116
117        <provider
117-->[com.google.android.gms:play-services-ads-lite:21.2.0] AndroidManifest.xml:55:9-59:39
118            android:name="com.google.android.gms.ads.MobileAdsInitProvider"
118-->[com.google.android.gms:play-services-ads-lite:21.2.0] AndroidManifest.xml:56:13-76
119            android:authorities="com.jsk.gifsworld.mobileadsinitprovider"
119-->[com.google.android.gms:play-services-ads-lite:21.2.0] AndroidManifest.xml:57:13-73
120            android:exported="false"
120-->[com.google.android.gms:play-services-ads-lite:21.2.0] AndroidManifest.xml:58:13-37
121            android:initOrder="100" />
121-->[com.google.android.gms:play-services-ads-lite:21.2.0] AndroidManifest.xml:59:13-36
122
123        <service
123-->[com.google.android.gms:play-services-ads-lite:21.2.0] AndroidManifest.xml:61:9-64:40
124            android:name="com.google.android.gms.ads.AdService"
124-->[com.google.android.gms:play-services-ads-lite:21.2.0] AndroidManifest.xml:62:13-64
125            android:enabled="true"
125-->[com.google.android.gms:play-services-ads-lite:21.2.0] AndroidManifest.xml:63:13-35
126            android:exported="false" />
126-->[com.google.android.gms:play-services-ads-lite:21.2.0] AndroidManifest.xml:64:13-37
127
128        <activity
128-->[com.google.android.gms:play-services-base:18.0.0] AndroidManifest.xml:20:9-22:45
129            android:name="com.google.android.gms.common.api.GoogleApiActivity"
129-->[com.google.android.gms:play-services-base:18.0.0] AndroidManifest.xml:20:19-85
130            android:exported="false"
130-->[com.google.android.gms:play-services-base:18.0.0] AndroidManifest.xml:22:19-43
131            android:theme="@android:style/Theme.Translucent.NoTitleBar" />
131-->[com.google.android.gms:play-services-base:18.0.0] AndroidManifest.xml:21:19-78
132
133        <meta-data
133-->[com.google.android.gms:play-services-basement:18.0.0] AndroidManifest.xml:21:9-23:69
134            android:name="com.google.android.gms.version"
134-->[com.google.android.gms:play-services-basement:18.0.0] AndroidManifest.xml:22:13-58
135            android:value="@integer/google_play_services_version" />
135-->[com.google.android.gms:play-services-basement:18.0.0] AndroidManifest.xml:23:13-66
136
137        <provider
137-->[androidx.work:work-runtime:2.7.0] AndroidManifest.xml:31:9-39:20
138            android:name="androidx.startup.InitializationProvider"
138-->[androidx.work:work-runtime:2.7.0] AndroidManifest.xml:32:13-67
139            android:authorities="com.jsk.gifsworld.androidx-startup"
139-->[androidx.work:work-runtime:2.7.0] AndroidManifest.xml:33:13-68
140            android:exported="false" >
140-->[androidx.work:work-runtime:2.7.0] AndroidManifest.xml:34:13-37
141            <meta-data
141-->[androidx.work:work-runtime:2.7.0] AndroidManifest.xml:36:13-38:52
142                android:name="androidx.work.WorkManagerInitializer"
142-->[androidx.work:work-runtime:2.7.0] AndroidManifest.xml:37:17-68
143                android:value="androidx.startup" />
143-->[androidx.work:work-runtime:2.7.0] AndroidManifest.xml:38:17-49
144        </provider>
145
146        <service
146-->[androidx.work:work-runtime:2.7.0] AndroidManifest.xml:41:9-46:35
147            android:name="androidx.work.impl.background.systemalarm.SystemAlarmService"
147-->[androidx.work:work-runtime:2.7.0] AndroidManifest.xml:42:13-88
148            android:directBootAware="false"
148-->[androidx.work:work-runtime:2.7.0] AndroidManifest.xml:43:13-44
149            android:enabled="@bool/enable_system_alarm_service_default"
149-->[androidx.work:work-runtime:2.7.0] AndroidManifest.xml:44:13-72
150            android:exported="false" />
150-->[androidx.work:work-runtime:2.7.0] AndroidManifest.xml:45:13-37
151        <service
151-->[androidx.work:work-runtime:2.7.0] AndroidManifest.xml:47:9-53:35
152            android:name="androidx.work.impl.background.systemjob.SystemJobService"
152-->[androidx.work:work-runtime:2.7.0] AndroidManifest.xml:48:13-84
153            android:directBootAware="false"
153-->[androidx.work:work-runtime:2.7.0] AndroidManifest.xml:49:13-44
154            android:enabled="@bool/enable_system_job_service_default"
154-->[androidx.work:work-runtime:2.7.0] AndroidManifest.xml:50:13-70
155            android:exported="true"
155-->[androidx.work:work-runtime:2.7.0] AndroidManifest.xml:51:13-36
156            android:permission="android.permission.BIND_JOB_SERVICE" />
156-->[androidx.work:work-runtime:2.7.0] AndroidManifest.xml:52:13-69
157        <service
157-->[androidx.work:work-runtime:2.7.0] AndroidManifest.xml:54:9-59:35
158            android:name="androidx.work.impl.foreground.SystemForegroundService"
158-->[androidx.work:work-runtime:2.7.0] AndroidManifest.xml:55:13-81
159            android:directBootAware="false"
159-->[androidx.work:work-runtime:2.7.0] AndroidManifest.xml:56:13-44
160            android:enabled="@bool/enable_system_foreground_service_default"
160-->[androidx.work:work-runtime:2.7.0] AndroidManifest.xml:57:13-77
161            android:exported="false" />
161-->[androidx.work:work-runtime:2.7.0] AndroidManifest.xml:58:13-37
162
163        <receiver
163-->[androidx.work:work-runtime:2.7.0] AndroidManifest.xml:61:9-66:35
164            android:name="androidx.work.impl.utils.ForceStopRunnable$BroadcastReceiver"
164-->[androidx.work:work-runtime:2.7.0] AndroidManifest.xml:62:13-88
165            android:directBootAware="false"
165-->[androidx.work:work-runtime:2.7.0] AndroidManifest.xml:63:13-44
166            android:enabled="true"
166-->[androidx.work:work-runtime:2.7.0] AndroidManifest.xml:64:13-35
167            android:exported="false" />
167-->[androidx.work:work-runtime:2.7.0] AndroidManifest.xml:65:13-37
168        <receiver
168-->[androidx.work:work-runtime:2.7.0] AndroidManifest.xml:67:9-77:20
169            android:name="androidx.work.impl.background.systemalarm.ConstraintProxy$BatteryChargingProxy"
169-->[androidx.work:work-runtime:2.7.0] AndroidManifest.xml:68:13-106
170            android:directBootAware="false"
170-->[androidx.work:work-runtime:2.7.0] AndroidManifest.xml:69:13-44
171            android:enabled="false"
171-->[androidx.work:work-runtime:2.7.0] AndroidManifest.xml:70:13-36
172            android:exported="false" >
172-->[androidx.work:work-runtime:2.7.0] AndroidManifest.xml:71:13-37
173            <intent-filter>
173-->[androidx.work:work-runtime:2.7.0] AndroidManifest.xml:73:13-76:29
174                <action android:name="android.intent.action.ACTION_POWER_CONNECTED" />
174-->[androidx.work:work-runtime:2.7.0] AndroidManifest.xml:74:17-87
174-->[androidx.work:work-runtime:2.7.0] AndroidManifest.xml:74:25-84
175                <action android:name="android.intent.action.ACTION_POWER_DISCONNECTED" />
175-->[androidx.work:work-runtime:2.7.0] AndroidManifest.xml:75:17-90
175-->[androidx.work:work-runtime:2.7.0] AndroidManifest.xml:75:25-87
176            </intent-filter>
177        </receiver>
178        <receiver
178-->[androidx.work:work-runtime:2.7.0] AndroidManifest.xml:78:9-88:20
179            android:name="androidx.work.impl.background.systemalarm.ConstraintProxy$BatteryNotLowProxy"
179-->[androidx.work:work-runtime:2.7.0] AndroidManifest.xml:79:13-104
180            android:directBootAware="false"
180-->[androidx.work:work-runtime:2.7.0] AndroidManifest.xml:80:13-44
181            android:enabled="false"
181-->[androidx.work:work-runtime:2.7.0] AndroidManifest.xml:81:13-36
182            android:exported="false" >
182-->[androidx.work:work-runtime:2.7.0] AndroidManifest.xml:82:13-37
183            <intent-filter>
183-->[androidx.work:work-runtime:2.7.0] AndroidManifest.xml:84:13-87:29
184                <action android:name="android.intent.action.BATTERY_OKAY" />
184-->[androidx.work:work-runtime:2.7.0] AndroidManifest.xml:85:17-77
184-->[androidx.work:work-runtime:2.7.0] AndroidManifest.xml:85:25-74
185                <action android:name="android.intent.action.BATTERY_LOW" />
185-->[androidx.work:work-runtime:2.7.0] AndroidManifest.xml:86:17-76
185-->[androidx.work:work-runtime:2.7.0] AndroidManifest.xml:86:25-73
186            </intent-filter>
187        </receiver>
188        <receiver
188-->[androidx.work:work-runtime:2.7.0] AndroidManifest.xml:89:9-99:20
189            android:name="androidx.work.impl.background.systemalarm.ConstraintProxy$StorageNotLowProxy"
189-->[androidx.work:work-runtime:2.7.0] AndroidManifest.xml:90:13-104
190            android:directBootAware="false"
190-->[androidx.work:work-runtime:2.7.0] AndroidManifest.xml:91:13-44
191            android:enabled="false"
191-->[androidx.work:work-runtime:2.7.0] AndroidManifest.xml:92:13-36
192            android:exported="false" >
192-->[androidx.work:work-runtime:2.7.0] AndroidManifest.xml:93:13-37
193            <intent-filter>
193-->[androidx.work:work-runtime:2.7.0] AndroidManifest.xml:95:13-98:29
194                <action android:name="android.intent.action.DEVICE_STORAGE_LOW" />
194-->[androidx.work:work-runtime:2.7.0] AndroidManifest.xml:96:17-83
194-->[androidx.work:work-runtime:2.7.0] AndroidManifest.xml:96:25-80
195                <action android:name="android.intent.action.DEVICE_STORAGE_OK" />
195-->[androidx.work:work-runtime:2.7.0] AndroidManifest.xml:97:17-82
195-->[androidx.work:work-runtime:2.7.0] AndroidManifest.xml:97:25-79
196            </intent-filter>
197        </receiver>
198        <receiver
198-->[androidx.work:work-runtime:2.7.0] AndroidManifest.xml:100:9-109:20
199            android:name="androidx.work.impl.background.systemalarm.ConstraintProxy$NetworkStateProxy"
199-->[androidx.work:work-runtime:2.7.0] AndroidManifest.xml:101:13-103
200            android:directBootAware="false"
200-->[androidx.work:work-runtime:2.7.0] AndroidManifest.xml:102:13-44
201            android:enabled="false"
201-->[androidx.work:work-runtime:2.7.0] AndroidManifest.xml:103:13-36
202            android:exported="false" >
202-->[androidx.work:work-runtime:2.7.0] AndroidManifest.xml:104:13-37
203            <intent-filter>
203-->[androidx.work:work-runtime:2.7.0] AndroidManifest.xml:106:13-108:29
204                <action android:name="android.net.conn.CONNECTIVITY_CHANGE" />
204-->[androidx.work:work-runtime:2.7.0] AndroidManifest.xml:107:17-79
204-->[androidx.work:work-runtime:2.7.0] AndroidManifest.xml:107:25-76
205            </intent-filter>
206        </receiver>
207        <receiver
207-->[androidx.work:work-runtime:2.7.0] AndroidManifest.xml:110:9-121:20
208            android:name="androidx.work.impl.background.systemalarm.RescheduleReceiver"
208-->[androidx.work:work-runtime:2.7.0] AndroidManifest.xml:111:13-88
209            android:directBootAware="false"
209-->[androidx.work:work-runtime:2.7.0] AndroidManifest.xml:112:13-44
210            android:enabled="false"
210-->[androidx.work:work-runtime:2.7.0] AndroidManifest.xml:113:13-36
211            android:exported="false" >
211-->[androidx.work:work-runtime:2.7.0] AndroidManifest.xml:114:13-37
212            <intent-filter>
212-->[androidx.work:work-runtime:2.7.0] AndroidManifest.xml:116:13-120:29
213                <action android:name="android.intent.action.BOOT_COMPLETED" />
213-->[androidx.work:work-runtime:2.7.0] AndroidManifest.xml:117:17-79
213-->[androidx.work:work-runtime:2.7.0] AndroidManifest.xml:117:25-76
214                <action android:name="android.intent.action.TIME_SET" />
214-->[androidx.work:work-runtime:2.7.0] AndroidManifest.xml:118:17-73
214-->[androidx.work:work-runtime:2.7.0] AndroidManifest.xml:118:25-70
215                <action android:name="android.intent.action.TIMEZONE_CHANGED" />
215-->[androidx.work:work-runtime:2.7.0] AndroidManifest.xml:119:17-81
215-->[androidx.work:work-runtime:2.7.0] AndroidManifest.xml:119:25-78
216            </intent-filter>
217        </receiver>
218        <receiver
218-->[androidx.work:work-runtime:2.7.0] AndroidManifest.xml:122:9-131:20
219            android:name="androidx.work.impl.background.systemalarm.ConstraintProxyUpdateReceiver"
219-->[androidx.work:work-runtime:2.7.0] AndroidManifest.xml:123:13-99
220            android:directBootAware="false"
220-->[androidx.work:work-runtime:2.7.0] AndroidManifest.xml:124:13-44
221            android:enabled="@bool/enable_system_alarm_service_default"
221-->[androidx.work:work-runtime:2.7.0] AndroidManifest.xml:125:13-72
222            android:exported="false" >
222-->[androidx.work:work-runtime:2.7.0] AndroidManifest.xml:126:13-37
223            <intent-filter>
223-->[androidx.work:work-runtime:2.7.0] AndroidManifest.xml:128:13-130:29
224                <action android:name="androidx.work.impl.background.systemalarm.UpdateProxies" />
224-->[androidx.work:work-runtime:2.7.0] AndroidManifest.xml:129:17-98
224-->[androidx.work:work-runtime:2.7.0] AndroidManifest.xml:129:25-95
225            </intent-filter>
226        </receiver>
227        <receiver
227-->[androidx.work:work-runtime:2.7.0] AndroidManifest.xml:132:9-142:20
228            android:name="androidx.work.impl.diagnostics.DiagnosticsReceiver"
228-->[androidx.work:work-runtime:2.7.0] AndroidManifest.xml:133:13-78
229            android:directBootAware="false"
229-->[androidx.work:work-runtime:2.7.0] AndroidManifest.xml:134:13-44
230            android:enabled="true"
230-->[androidx.work:work-runtime:2.7.0] AndroidManifest.xml:135:13-35
231            android:exported="true"
231-->[androidx.work:work-runtime:2.7.0] AndroidManifest.xml:136:13-36
232            android:permission="android.permission.DUMP" >
232-->[androidx.work:work-runtime:2.7.0] AndroidManifest.xml:137:13-57
233            <intent-filter>
233-->[androidx.work:work-runtime:2.7.0] AndroidManifest.xml:139:13-141:29
234                <action android:name="androidx.work.diagnostics.REQUEST_DIAGNOSTICS" />
234-->[androidx.work:work-runtime:2.7.0] AndroidManifest.xml:140:17-88
234-->[androidx.work:work-runtime:2.7.0] AndroidManifest.xml:140:25-85
235            </intent-filter>
236        </receiver>
237
238        <provider
238-->[androidx.lifecycle:lifecycle-process:2.2.0] AndroidManifest.xml:25:9-29:43
239            android:name="androidx.lifecycle.ProcessLifecycleOwnerInitializer"
239-->[androidx.lifecycle:lifecycle-process:2.2.0] AndroidManifest.xml:26:13-79
240            android:authorities="com.jsk.gifsworld.lifecycle-process"
240-->[androidx.lifecycle:lifecycle-process:2.2.0] AndroidManifest.xml:27:13-69
241            android:exported="false"
241-->[androidx.lifecycle:lifecycle-process:2.2.0] AndroidManifest.xml:28:13-37
242            android:multiprocess="true" />
242-->[androidx.lifecycle:lifecycle-process:2.2.0] AndroidManifest.xml:29:13-40
243
244        <service
244-->[androidx.room:room-runtime:2.2.5] AndroidManifest.xml:25:9-28:40
245            android:name="androidx.room.MultiInstanceInvalidationService"
245-->[androidx.room:room-runtime:2.2.5] AndroidManifest.xml:26:13-74
246            android:directBootAware="true"
246-->[androidx.room:room-runtime:2.2.5] AndroidManifest.xml:27:13-43
247            android:exported="false" />
247-->[androidx.room:room-runtime:2.2.5] AndroidManifest.xml:28:13-37
248    </application>
249
250</manifest>